2015-11-02T18:12:40.088+0000 [initandlisten] MongoDB starting : pid=26158 port=27017 dbpath=/data/mongo 64-bit host=0e1fe23e1b65
2015-11-02T18:12:40.089+0000 [initandlisten] db version v2.6.11
2015-11-02T18:12:40.089+0000 [initandlisten] git version: d00c1735675c457f75a12d530bee85421f0c5548
2015-11-02T18:12:40.089+0000 [initandlisten] build info: Linux build4.ny.cbi.10gen.cc 2.6.32-431.3.1.el6.x86_64 #1 SMP Fri Jan 3 21:39:27 UTC 2014 x86_64 BOOST_LIB_VERSION=1_49
2015-11-02T18:12:40.089+0000 [initandlisten] allocator: tcmalloc
2015-11-02T18:12:40.089+0000 [initandlisten] options: { operationProfiling: { mode: "slowOp", slowOpThresholdMs: 5 }, storage: { dbPath: "/data/mongo", smallFiles: true } }
2015-11-02T18:12:40.090+0000 [initandlisten] exception in initAndListen: 10296 
*********************************************************************
 ERROR: dbpath (/data/mongo) does not exist.
 Create this directory or give existing directory in --dbpath.
 See http://dochub.mongodb.org/core/startingandstoppingmongo
*********************************************************************
, terminating
2015-11-02T18:12:40.090+0000 [initandlisten] dbexit: 
2015-11-02T18:12:40.090+0000 [initandlisten] shutdown: going to close listening sockets...
2015-11-02T18:12:40.090+0000 [initandlisten] shutdown: going to flush diaglog...
2015-11-02T18:12:40.090+0000 [initandlisten] shutdown: going to close sockets...
2015-11-02T18:12:40.090+0000 [initandlisten] shutdown: waiting for fs preallocator...
2015-11-02T18:12:40.090+0000 [initandlisten] shutdown: lock for final commit...
2015-11-02T18:12:40.090+0000 [initandlisten] shutdown: final commit...
2015-11-02T18:12:40.090+0000 [initandlisten] shutdown: closing all files...
2015-11-02T18:12:40.091+0000 [initandlisten] closeAllFiles() finished
2015-11-02T18:12:40.091+0000 [initandlisten] dbexit: really exiting now
