CCTCTAC-TTACTACCAC-TCA
CCAC-ACACCAC-ACCACACCC
====================== (9)
CTACCACTCACCCAC-CGTTA
C-ACCACACCCACACACACAC
===================== (9)
TACCCTCCAATTACCCATAT
CATCCTAACACTACCC-TAA
==================== (9)
CACCATACTGTTCT-TCTA-C
C-CCTGCCTCCACTCGTTACC
===================== (12)
TAAGCTTAGTAAATCCTAAA
GAACCAT-TTTATTGCAATG
==================== (12)
ACATCGGTCGCGGAAGCCGT
ACGTAGGTTG-AGATTTCTA
==================== (11)
TTGGCAAGCATGCTTGT--GT
CAAGAAAG-ATCGTAGTCAAT
===================== (12)
ATACTTTA-GCCCTTAGTAC
ATGTTCCAGGATGAAAATGT
==================== (14)
CCTTCACAGGCTTC-GAATTA-
AACTGTTA--TTTCATATTTAC
====================== (13)
CATAGAACAACTA-GCATCCC
AATTGCACCACAACGGCTTC-
===================== (10)
TGCAGCTTTGACGGCA-AG-GA
AG-A-CGTTCACCACATCGTCT
====================== (12)
TTGCTGTTTCTTTTTTTTTT
ACACAGCCGTACATACACGT
==================== (16)
TGTTACATTAAATATATT-TA
TGTT--GTTCAACACATTAGT
===================== (10)
TCCTGCGTCAATGAGTC--A-GG
T-CT-CGT-AACCAATCTGATTA
======================= (11)
AGAAGT-AGTG-GCA-GATATT
TCCAGTGCGAGAGCACGA-A-C
====================== (12)
TAATGTAGC--CTCTACGGGTG
TGAGTTAGCTGTTTTAC-AG-G
====================== (10)
TGAAAATTTGCGCCAAAG--
TCACTCCTTTTATCATTGTT
==================== (15)
GT-G-TACCCTAAAGAAAGTTT
TTCGAGATATTTTCG-AA-TTT
====================== (12)
CAATTAATAT-TAGATTTTTC
AAATTCATGTCTTCA-CTCAA
===================== (11)
CTAAGCCGGTTCTC-CT-TGGT
CGAA--AGTTCCTCACTGACGC
====================== (11)
TTTTTTTCG-TATTCTTTTC
CACGGTTCGAAACAGAATGA
==================== (15)
GCAAGGGGCAGGTCGCT-AA
ATAATACTTATTACTATGAT
==================== (15)
AAGTTACGAAGGAAGGCAGA
ACCACATGAACTATTG-ATC
==================== (13)
AATGTCAAGAACTTTTAAAA
AATGTGGCCAAATCCT---A
==================== (13)
AAACAGGTCAACTA-ATTGA
AAACTGTTGAAATAGGTATC
==================== (10)
CACGTACACG-CATGATAAT
CACGCCTGTGTCCTAATTGT
==================== (11)
TGTTGTATCTCAAAATGAGA
AATCCGAGTTGAAGATGAG-
==================== (11)
AACTTAGTATTGAATGAAAA
AGATATGTAGCACACAAAAC
==================== (11)
ATG-CT-AAAAGTCTGCGAT
ATGTTTGTATACACATCGAT
==================== (11)
AAACATTTTCATCCTGGA-AC
AGGGA-CTAAGGGCTAAAGTA
===================== (15)
CAA--TTGACTACGATCTTTCT
CAAGCATGCCT--G-CCAGTGG
====================== (13)
T-TTCGCGGCTACGGAGAAAC
TGATTG-ATTTTTGCTGTAGT
===================== (14)
CCGCGAAT-CATGAAGTCATG
CCGAAAATAGATGTAGT-A-G
===================== (8)
ATTTCAATATATCAA-TG--GA
A--CCGCTGAGGCAAGTGCCGT
====================== (14)
CCCACTTCTTCGCACTTGTC
GTGTGGGTGTGGGTGTGGTG
==================== (15)
TCCCTC-TAC-TTACTACCAC
TCCAGCATGCAATAC-AGTGA
===================== (12)
ACCATAACCGTTACCCT---C
ACCCTAA-CACTACCCTAACC
===================== (9)
CTCACCATACTGTTGTTCTA
GTTACCCT-GTCCCATTCAA
==================== (11)
TTAACAAATGATCGTAAATA
CCATCCATCCCTC-TACTTA
==================== (12)
AAGGCGGCAGACTTAAGATC
CTTCTAGTAAATTGTATACA
==================== (14)
CTTGTTCTGGGTG-TGTTTAT
TTTTATCT-TTTGCTTTATTA
===================== (11)
ATTGAATAAATTTGCATTCT
TAAGAAGGCTTTTCTAATCA
==================== (11)
GGTAAAGATGAGTCTTATTT
GGTTGCGGAGAGTTTGAATC
==================== (9)
TTCACGCCTTTTAC-GCCTT-T
TGTTCG--ATCCACAGAATTCG
====================== (13)
A--GGAAACAGTAAAGGCAGAA
ACCTGGTA-AGTCTCACCA-TT
====================== (14)
TTG-A-AATTGTTAAAGATGCC
CTGCAGAATCATTTAAGA-G--
====================== (10)
T-CTTCACTTTGCCATTGGGA
TGCTTTA-GGAGAAATCTGTT
===================== (12)
TAATTAAGACA-CTTAACTGA
TACTT-GGTCATCTTAAGAGA
===================== (7)
ACCATAAGAGGACGGAATC--C
ATGA-ATG-GTCATGACTCGAA
====================== (13)
GATTATA-TGATATTTATACA
G-TGGCACCTTTGCTTGCACT
===================== (13)
G--GATACACCAGCGGGCCCGT-
GACCACACACCA-C-GG-TGGTA
======================= (10)
CAAGCCAAACCCTGCTCATG
CAA-ATTTATCGTCGTCATC
==================== (11)
AACTTTTCCTTAAGATAAAG
AATTGAAAAGTACG-TTAAG
==================== (11)
A--CATGACTCTAACTTAAACG
ATCCCCTCCTCAACCTTTAA--
====================== (11)
TTGTA-TGGAACAGAGCCAA
TCAAACTTTCAGCTTTTAAA
==================== (15)
TTTCCACGTGGTGGCCTGTC
TTTTCTC-CAAT-CACTGGC
==================== (12)
CCT-CTTCCACTGTTGGACCT
CATGCTT-AAGAG-T-CATCA
===================== (13)
GA-T-TGGCAATGCCTTCCAAC
CACTATAG-AA-G-AATAATCA
====================== (15)
G-ATGAACGAAAACGCTGTCA
GTTTGAACTGAAAC-CTTAGA
===================== (8)
TAGAAAAATAGCCGCGCTGC
TCTCCTTCT-CTCTTTATAT
==================== (17)
TGCTTAACATATTTCGATTT
TAGTTAAGACA-CAC-AATT
==================== (11)
ATGAGCCAAAACA-AGGCGAC
AT-A-AAAAATTAGATGAGTC
===================== (11)
GGTTATCAATAGAAGCGC-TA
TAGT-CCAACCCGATCTCACC
===================== (14)
TTTCAG--GAACGTTACTAGCG
CTTTAGTTGTCCATTGCTA-C-
====================== (10)
GTGCTATCGAGGATTCTCCA
CAGGCAACTTAAAGTCT-AA
==================== (13)
TATCGAGTAAGGTAG-AAACA
TCTTG-TTCAATTGGCCTGAA
===================== (13)
GAG-AACAAAGTAGTATTA-GT
CAGCAAC-AAGAAG-ATGATTT
====================== (8)
ATCATTTTTTGTTGGTG-TTC-
GT--TGTTTTCAATGTGCTTCT
====================== (10)
CTGGTTTTAAAATCTCTCTT
CAGCTGACAGCGCGGGCCCT
==================== (14)
GGGTGAAATGCTAGAGAGGC
CTGTTAATTTATTG-GCATT
==================== (13)
CCA-TGCATTATTTGTGAT-GT
GAAGTGC-GGA-CCGGCATGGT
====================== (12)
CGAGATTTCA-TTCTTGTCC
CTCTACGACAGAGGAAGAAC
==================== (15)
ATCTCAATTGACCAAAG-TGA-
A--ACAAGTGCCCTCAGCAAAT
====================== (11)
CACTGAGAAATATTTGAGGG
TATTCACAATCAAGT-AATC
==================== (13)
ACTCTTCCAGGTCGA--T-C
ATTTTGCAAATTTTATTTGA
==================== (15)
AGGTGTAT-A-ACAATACTT
ATGCCTATCAGTTTTTTTTT
==================== (13)
GTTAACTAGTTCCTT--TTTTA
CTAGAGT-GT-CATTGAATTGT
====================== (12)
C-CTAG-CATCCACGGGATGTT
CACTGGAGTTTGTCCAG-TG-T
====================== (12)
CAATTCCCACAAACAATACC
CATATATAAC-TACTTGGCA
==================== (13)
T-GTGA-CTAAAATGAGACTTC
TAGAAAGGGAAAAAGGGA--AA
====================== (12)
CA-CGAACGAGTAAAGGTAAA
TAGCCAA--AGT-GCTTAATT
===================== (15)
GAGCAACCTCCCATATTAGT
AAATCTGTTCTCAGGGAATT
==================== (13)
TGATGACTGTCCACCTCCAG
TCATAACTCT-TTCGTCC--
==================== (12)
ATTTGCGGTCCA-TGGGATGG
ATGTGAGG-CCATTATCAACA
===================== (10)
GAGCGTCAAACTACCAAAGT
AAGAAAAAAAAAATGAAGAA
==================== (12)
TTTTTCTCCTATTATGGAAT
TGAAAGTCATCAACCCTTAT
==================== (14)
AGAGTC--CAGTCGATTA-GCC
A-ATTCGATACTCG-TTACATT
====================== (12)
TTATG-GAGAGGAGTAAGCGC
ACTTGCCACATCAAT-ATC-A
===================== (14)
ATGTTGG-CGCTAAGCAAACT
ATAATGGAAGCTGTG-GTA--
===================== (13)
GCACCTA-T--CCAGCGAGCT
ACACCCAGTCGCCAAGGA-AA
===================== (12)
ACAACTATGGCTGCCAAGCC
GAAGGTTTCGCCGTAGAACG
==================== (12)
ATG--TTAGAAAGCGACTATA
ATGCCGAACAAATTGA-TAGA
===================== (10)
A-ATA-CGTGGTAAAAGCATCA
ATTTATTCTGGT--AAG--TTA
====================== (12)
AGTTGCATTATTAAAT--TTGG
A-TTTC-TTCCTGGCTCATTTA
====================== (12)
AGAAGTGTGCCATTCAGTC-
AGTTCTATTGAAACCTGTCA
==================== (12)
TGTC-TAAT-A-G-TATTGCGAAT
CTTCATGATGACGTTATT--G-A-
======================== (11)
AATGAGCCTT-GCTGCAACAT
TATTACTATTCACTGC-TC-T
===================== (11)
GGACTAATAACT--ATCGTAG
TAATTAAT-ACTGAAAAGTTT
===================== (11)
TAGTGTCTCCATAT-GGCTTG
ACAAAACAACA-ATCAAACTG
===================== (14)
TAAGTTACTGGGTAGGATAT
AAAAGGGCT-CTTTTTATAT
==================== (12)
TGTGCTGTTTATCAAGATTG
TAGGTAGAGTATCTTTAAAA
==================== (12)
GCATATATTTACAATC-TTAT
ACAAACATTT-CTTTCACTTG
===================== (10)
TAGTGATAATAACATAGCTA
TTGCGTCTATGAAAAAGATG
==================== (10)
CCTTTGTGAG-GGTAGGTCCC
AC-ACGTGAGTTCAAACTAAT
===================== (13)
AATTTCA-ATGTATTGAAAGT
GCTGCCATTTGT-TTGTCGTT
===================== (11)
AGTGCAAGCTACAGCT-TTAC
A-TATAAACTTAATCTAAGAA
===================== (11)
AGCCCT-TCT-TTCTTAACGCG
TGTTTTAAGTAGTCTT-TC-CA
====================== (13)
TCGTATGGCAG-CATCTG-CC
T-ATTTTCCTGTTATCCGCCC
===================== (11)
AAAAAAAATAGCCTCTTGTA
TACCGATTTTGGTACCACTT
==================== (14)
TGGGGCTGAGCCGTGCTGCA
AAATTGTCAGAAATACCATC
==================== (15)
TCATCTAA-TCGCTCTCGTT-
GAATCGAAGTTGCGC-CTTTA
===================== (10)
GA-GA--ACCGACTATCGTTCCT
CATCATTACC-ACT-TC-TATC-
======================= (12)
GAGCTCAC-TCACATCAACT
AACTTCACGTCCCTCCGGGT
==================== (11)
ATTAAGGGAGGGGAGGGCAC
GGAACGGTTTCCAAAGCCAT
==================== (13)
GACTGATCATGACTAAGTG-
GGTTAGTCCTGCATAACAGA
==================== (11)
CTACCGATGACGGCATG-GGT
TTA-TTTCAGCAACAAGATCC
===================== (15)
GCTCATCATTTTCAAGTTAT
GGTCGCTATTGGGTATCTGT
==================== (11)
ATTTTATAAAATTT--ATCA
AGTATATCTACTTTCGATTT
==================== (11)
ATTGGTCA-T-ACCAATAACC
TCAGCTAAGTTAAC-ATCGTC
===================== (13)
GTAGAGATTTATTTCAGTTA
ATCTTTTTTCCTTTGTACAT
==================== (14)
CCCCTGAATAAATTAAAT-T
ACTAGAAATGAAAAAGGTAC
==================== (13)
GATTGCGTTTGCTTA--TTATT
G--TGACACAGGTGAGGGTCTT
====================== (13)
ACAACGCGCATG-TAGTTGA-
A-ATTAAAAATGAGAAAAGAT
===================== (14)
A-TACA-AACAGCACAGACAGT
ACTTTATAGTTGCCGCGCCA--
====================== (13)
TATAATTATCCGC-TTAAAGG
T-TTCTCAACCTCTTTTTTGC
===================== (11)
CAGCCACCACAAGAACAACA
TTGGATGAATTGGAAGATCA
==================== (12)
TC-AAATTGGGTGGAAAAGAG
TCGATAGTTTCCGGTCAAGA-
===================== (10)
AC-TTGCCTTAATAATATTAT
ACGTTG-CTT--CAATA-GAA
===================== (11)
ATTTGTGTGGTTGTCA-G-CA
ATTGGTAT-TTTATTAGGTGC
===================== (11)
GCAAAATTTCATCAGGTTTT
TTAAAAACTGTTGGGCTTTT
==================== (9)
CCAAAACT-TTGGCAAAAGCT
CC-CAACTGAAACCATATGTC
===================== (11)
TTGCCGCCCA--GCT-CAAAA
GTGCC-CTGAGTGGTGCACAA
===================== (11)
GGAGC-ATTG-AGTACAGAAGA
TGCGCTATTGCCATAC-CAA-C
====================== (10)
AAAAAGTGCGCACTCTAGC-
AATCATTTAGTCCTTTATCT
==================== (11)
ACGTGGAACCAAAAAT-ACAT
AC-TGCTGCTACTCATGGCAA
===================== (11)
CATGAAAGGACAGCGGATGG
TGGTTTAGCTCAGTGCAAAA
==================== (13)
T--ACACCGCGTAAAGGCCCAC
TGAATATC-CTTCAA---ATAA
====================== (15)
A---ATCTTTGTTAAGTGGCATC
ATGGATAATTGGT-A-T-GTTTG
======================= (12)
TTCCCTTCAGACTAACACCA-
GCCAGATCTTAC-GCCGTCAT
===================== (13)
AAATACACAGCACCA-ATGCA
TAAT-GAAAG-TCTAGAAG-A
===================== (12)
AACGTAGGTATCAGAGAAGG
GATTTTTGT-TTACGGGCGA
==================== (13)
AAGTTCTTGTATTGAACTTC
ATATGAATCT-CTGGATATA
==================== (13)
GGTGAAACTACCTGCAATT-G
TTTG-CTCATCTTTTACTTAA
===================== (13)
AGT-ATTCTTC-GTACATGCGG
GTTAAAAATACAGT-GATG-TA
====================== (13)
CAAATCAGAATAGATTTTAC
TAAATAAAGTTATAT-GTA-
==================== (11)
GTCCAA-TAAATGATACTACG
G-CAAATTCCCCAAGGCCAAT
===================== (13)
CCACGCAAGATGAATT-TGAT
GAAAACAAGA-AAATTATGTT
===================== (8)
AAACGTGCA-ACA-AAG-ATG
AAA-TTGCATATATAAGTGTA
===================== (10)
TCATAGAACACATTCTTAGT
ACATTCTGCCTAATATTA--
==================== (13)
ATATTAATGAAATGGCT-TA
TTTTTCTTCAGAGTACTGTC
==================== (12)
AGCGTAGGCTCATT-CATTT
ATTTAATACTCATTCCCTCT
==================== (10)
GT-A--TTAGTAATACTATAG
GTAACCTGCGTTATCCTGT-T
===================== (12)
GTTC-ATA-AAATTCCTATGAA
AACCTGTACAAATTGC---GAT
====================== (12)
AAAGACGCCGCTT-GTTACTA
TGTTATATAGATTGGCTA-AA
===================== (13)
ATAATATAATAAAAAATAAA
CTCAACCAAGAGAATCCCGT
==================== (13)
CTCCTCA-GCTTGGCATACT
CAACCCATACATGTCATCAG
==================== (11)
ATATTTTGA-ACCATTTGATA
CTTTGTAGACTTCATTTGA-A
===================== (8)
CT-AGGTCAACGTAGCCGCTA
GTAAAAATAATTTA-CTG-TA
===================== (12)
CTAAACTCGCACCACAAACG--
CTGTA--AG-ACTAAGAGGGTT
====================== (14)
CTGGCAAAGGTTATGAATAT
GAACTAAACCTTTCCAATTT
==================== (11)
TAAAGAAGGTCAGGCCTCGT
TTAAGGCTTTCTTCTAACG-
==================== (13)
CA-ATAA--CATCTCCAACAGAT
AAGGTAATTCAT-GCCAA-TG-T
======================= (10)
TAGCAAAGAAATCACTGG-TA
GA-ATATGCGTCCATTGGACC
===================== (13)
AAATCACCGTCAGCAACAAA
TTATTTTTGT-TCCAGGTTC
==================== (15)
TTGCTACAA-AGTCTCATAGA
ATGTCACAAGAACCTC--CCA
===================== (11)
AAGAAGTGGATCCGCAATCC
CCCACGTTCTTCGGCCAT--
==================== (13)
TAGTTAACGTACT--TGAGCGT
CAG-CAAAATATTGGTGAAC-T
====================== (10)
GGTAGGAACGTTAGCTCTTG
CGT-TGAAAGGCATCT-GCC
==================== (13)
AAAGTATAGAAATGTCGTA-T
TTTGCGGCG-TCTTCCGCAGG
===================== (15)
CAGGCTT--T-CTCTT-TCCTGGA
C--TCTTGGTGAAGTTCTCCT--T
======================== (13)
T-ATGGTAAAGCACTCCTGCT
TCAT-GACGAGCAAGGCAAAA
===================== (12)
CGATGCCGAAAAAG--C--AAATA
C--TG--TAATATGCCCGTGGGTC
======================== (15)
C-TTGA-GAGCAAATTGAGCAA
CGTCCACTTGGGAA--GCCAAA
====================== (13)
TTTTA-ATTTGGATAACAGCC
TGGTATCAATCCAT-ATAGAA
===================== (12)
AAACTTATCACTTGACCGAT--
TAAGATA-CGC-AGAGCAATCA
====================== (11)
TAACAAGGAAATCTAAG--AA
TTCCTA-TTTTTCTTTGTTTC
===================== (15)
TAAT-ATAATACAGCGCCAAA
TTGTCACATTA-ATCGGAAAA
===================== (9)
GA--GAAAGACATACAATTAAG
GATTGTAAG--ATGGGAGGCTA
====================== (13)
CCCGTGTTTGGAGCAAT-TG
CCTTGGATAATATCGATCAA
==================== (13)
AGTGGCC-GT-GACCAG-TA
CGTGGCCTATCGGGAAGAGG
==================== (13)
TCCAGTTGACC-C--TATTGG
TTATCTTGACCTCGGTATT-A
===================== (11)
TTAAC-GTAAGCAGGT-GAT
GGACCTGGAATTTTTTCAAT
==================== (14)
C-TTAGTAGCATGCATAAGCC
CTTTGGTAGCA--C-T--GGT
===================== (13)
TATAGTTCGTGTACCTCT-T
CATACTACATATACATATAC
==================== (10)
CGAGCTTGAACACAAAATAA
TTTGGATGGATCTGGAATAT
==================== (12)
AAGCGGAGAGCAAT-AATCTG
TTGTGG-G-GTAGTTAAAGAA
===================== (13)
TA---TATCTACAGCAAAGGAAA
TACCCCCTCTATAGC-AATG--T
======================= (11)
TATTAGATTGGACTAATCCT
GCGGGCACTGGTTTAGTAGG
==================== (13)
TGTACTTTTCTTTTTG-AAC
CATCCTGATGTAGTCGCATA
==================== (13)
ATTTATCCTTGTCAAAAT-AT
GTAGA-ACTTATGAACTTCGA
===================== (12)
CCAA-TGACACAAGTAGTGGC
CGAATTGAGA-AA-CA-CAAC
===================== (12)
CAACCCAATCTAACGGCTTG
CAAACTTTGCATTCTTGTTT
==================== (12)
GCAG-TTTTATATATC-AAT
CCAGCTATCACCCCTCTTGT
==================== (13)
CAGAGGC-AGTTTTGCAAGGC
TTGTCTCTCCTAATG-TGGAA
===================== (15)
GATCCTGACGTTCG-AAAAGC
CCCAGTTTCCATGGCAATAG-
===================== (13)
TAAACGGATGTA-AGGAATGA
AAAAAGG-TCTATCGCACAGC
===================== (10)
CGGTTACCGCTTGAATG-AAA
AGCTATTCG-AAAAGGGCATC
===================== (14)
GTTGAATGAGACAGGGTA-AC
GTAGAA-CA-ACAGTACAGTG
===================== (11)
CTGTTAGGAT-TGTGTTA-GG
TTG-GAGGGTAACGGTTATGG
===================== (10)
CC-ACCATAACCGTTACCCTC
CCTAACACTACC-CTA-ACAC
===================== (10)
TGTTCACCC--AC-CATATTG
CGTT-ACCCTGTCTCATTCAA
===================== (12)
GATTC-TGTAAATTAAATGCG
TATTCACGATGCTTGAA-G-A
===================== (12)
CT--TGTCTATCCAGCACTTAA
ATGATGAGATTACCG-A-TTCC
====================== (13)
GTTCACTCCCAGCGATATTA
GTTTAAAAATAGAGGGA--A
==================== (13)
TATAGTAGTTAGTTT-AA-G
CACACTATTGAGTTTAAACA
==================== (10)
TTTGTCGTGGTCA-TCTTGT
TAGAGCCTTCTCAGTCTCCA
==================== (12)
AAAAATCA-AAAAAAACAAAA
GGTTGTAACAGCACAAC-AAA
===================== (11)
TTC---TGTTAACTTGCATGGAG
AACAAATGGAAA-AAG-GTCTA-
======================= (15)
GACCAGACCTCTCTAAAC--TC
GA--TGA-TTTGCTAGACGATG
====================== (12)
CTAAGTATGACGTCGTAAT-T
TTCGGTA-CCGGTACCAATGG
===================== (12)
GCCGTC-CTGACACCATTGGC
ACTGGCACCGACA-AAGCAAA
===================== (12)
TATTCA-CGTCATCCACTAT-T
CTTAGATAGTCAT-CA-TATAT
====================== (9)
ATTAAT-CACGTCTAGCATAA
ATCGCTGGAAGTGGTGC-TCT
===================== (12)
TG-AGTTGCCCAATTCATC-AG
TGCAAGTG-CC-GTCCCTCTTG
====================== (10)
CATTGGTGGAAGTGTGGTGG
CTGATGTCGACGACACGACC
==================== (13)
GGTACCATATA-TGGACAACA
AGT-CGATGTATTCTTGAATG
===================== (11)
ATAACTAGCCGCAATATGT-T
A-GACAAACAATTTAAAGTAA
===================== (13)
AATGCGTGTGT-ACCTAGTTA
AGTAAG-GCCTAATGCCCTTA
===================== (12)
AATTAACAAGTTAAC-ACAAC
CATT-CCAAATGGACTGCGA-
===================== (11)
CAGTTTCTTC-AACACCATCT
CGGTCCATACTAATACCGT-T
===================== (9)
AAAACTGAAAAAAC-CCA-GA
TGGGC-GCGAATCCTTTATTT
===================== (16)
ATCTGTACTTGT-AAT-GT-A
A-ATGTACCAGTAAATCATCG
===================== (11)
TTCTGTATATACCGATGAG-
GGGTGCAAATACTGTGGAGA
==================== (10)
CAGCCGCGGT-TGGGTGCGTG
TTTCTGCTTTCTGCTTTC-TG
===================== (11)
ATCTCTACTTCTTCGCT-GCT
AGAT-GGCATAGCGGCTATTT
===================== (13)
T-CTTGTAATATTTTGTATCT
TACTTAT-AGAGAAACCACCA
===================== (12)
ACCCGCCAAGC-CATTCCGC
CTTCTCCTAGCATAATGTAG
==================== (13)
GA-ATAACAATAGGCGCGATC
GAGGTTTTGATA-AAGCGCT-
===================== (12)
TT--GCAGTTGAAGACACTCTG
TTGCGCAGGTGGTG-TA-TC--
====================== (12)
ATACATTGCTGAAGCAAAAG
AAAAACAACGGTCACAGTGA
==================== (13)
CAATAGAATCTCGTTGATGT
AAATAGACT-AAAATATAGA
==================== (12)
AACG-A-TTAATTCTTCTTTGA
TTTGTAGTTTA-T-ATCTTTAC
====================== (11)
A-ACAATGGGGTACAAATAAT
AGGTGATCCATTAGGTA-CAC
===================== (14)
AAGACTGATTTTGTAGCA-C-G--
AA-AAT-ACTTT-TA-CATCCGTT
======================== (10)
GCCAGACC--CGTCTTTGCCC
ACAATACCTTCTTCAATG-GC
===================== (11)
AGAAGGACGAGCGTGGTGGA
TGCTCATCTCTTCTTTTTAT
==================== (16)
AGAGTTTGCAGGTGACAAAA
CTAG-GTCTATAT-ATATAT
==================== (14)
ATCCGCATCTTTAATCTCTT
TTCCGAATC-TTGTTTACCA
==================== (10)
CAG-GGTGCC-TCGTGCACAGT
GAGAAAGGCCATC-T-C-CAAA
====================== (12)
C-TAGCCTAAAAGCCTTGTTT
CATTTCC-AGTTG-AATACAG
===================== (15)
TATCATATTTTTAGACGTTG
TGTGATATATGTCTTTTAAA
==================== (12)
TAT-TAAAGTTACCATTGACA
CATACATACATA-TATTTATG
===================== (11)
CTGG-GGAGG-T-GGTTGCTGT
GTGGTGGCGGATCCGGTG-T-C
====================== (11)
AGACGAGGCTGCTC-AACCT
CCAAAACCCTTCTCCAAGCC
==================== (11)
TACCCAAATCCTA-ACCTCC
AACACTGGTGTTACTCCTCA
==================== (11)
CCTTATGTCCATGACGCACT
TATTTTGAATAAGAATAGAA
==================== (13)
CAGCCATAAGTAGTTTTACT
CTACGATCTCCA-TATAACA
==================== (12)
CGGAA--GA-TAAGAGGATAGAA
CAAAACCGATTAATA-G-TAG--
======================= (11)
GTTGAGTGGGGCAGGGTA-A--C
G--G-GTGAACAACAGTACAGTG
======================= (13)
GTAGTGTTAGGGTAGTGTGT
GGAGGGTAACGGT--TATGA
==================== (10)
ATAACCGTTACCCTCCAATT
CACACACTACCCCTAACACT
==================== (11)
CTCACT-G-TACTGTTGTTCTA
C-CACTCGTTAC-CCTGCCCCA
====================== (9)
TGGATACCCTT--TTCGAATAG
T--ATTTCATTCAAGCGGTAAC
====================== (13)
TAGCCA-AGTAAAGCGA-CATT
T--CTATTGCAACCATATCAAA
====================== (13)
CAGACATTTACGACG-GCCTA
ATGTC-GTTGCAAAGCAGAAT
===================== (14)
AGAATTTAAAATATGTAAAT
TCCCCACAAAGTATTTACTT
==================== (11)
TA-ACTCAATTCTCGCCAGTT
AATATTCAGGT-TTGTTGTTT
===================== (11)
GTTTCTAT-TTAC-CACTATTT
CAAT-AATGTTCCTAAATAT-A
====================== (12)
AAACACGACA-ATTACACTTG
TGTGGC-ATAGATTATAGTAG
===================== (11)
TAAACTCAGAATCACGT-CCA
CTTAGGC-GTGGCCCATTGTG
===================== (15)
ACCCAGCAAGTGA-AAT-AATA
ATTTA--AACTCAGAATCACGT
====================== (12)
AACGAGATGTTTGCAGAAAG
TAATTGTACTTTTCTATGAT
==================== (13)
AG-GAAAAGGAGGAGGGGAGG
AGTTAGTATTA-TATATTAAT
===================== (14)
GTAGGTATCCCG-GTTGTTT
GCCAATATAATGAAGAAAAA
==================== (16)
GCTATTGCAGCGTCA-TTGGA
CGTCTTTC-TCTTCAGTTGTA
===================== (9)
ATGTTAGAC--ATGTTACCCCT
A-GAGAGCCGGCTGTTA-GACA
====================== (11)
CA--AGTTTTCCATCCATAATT
CATTAGAT-TACTTTC-TCA--
====================== (13)
T-ATGAATCCGATAAAAATTA
TGCCCTCGCCGTTGGTTGTT-
===================== (14)
AGGAATAAAGAAAAGTA-AAA
CTTACTAACG-TCGTTACTAC
===================== (13)
TATAAT-TGATAACAAGAGAA
AAAAATCTG-GCATTAGATAT
===================== (10)
CAGGAATTGTTTATGGC-AAG
AAATGAT-ACTAAAGGCGACT
===================== (12)
GATGAATTCATTACAA-CCT
CATGGCTGGGTAAGAATGAC
==================== (13)
CAT-CTGCCGGGTCGTCTAAT
CTTGCT-TCGGGTGGTAACAA
===================== (9)
ATCTGGGGAAATTCAGTC-A-
A-CTTCTCAAAACCAACCAAT
===================== (12)
AATTTTGCAAAATTCACA-CC
ACCCAT-AACTTTTTACATTT
===================== (13)
ATTGTACCA-GCAAGCCGTG-G
GTCCT-CGACGAAAG-GATGAA
====================== (12)
TTGGATTAATCTTAGCATTA
TTTTA-TAAAATGGGGATGT
==================== (11)
GCAT-T--AATTGATACATAATT
GGATGTCCCTTTGAAAC-T--TT
======================= (10)
GTTCAATTAGTTGGTAAAT-C
GCTCAA--AGAAAGCATTTCC
===================== (11)
CTGC-AACGAGGTTTTGGGGC
ATACGCATTAAAAGAAGAAG-
===================== (15)
ATGATGATGATA-TGACCAA-C-
AAGA-GA-G-TAGCTACAAATCA
======================= (10)
GGGCATT-T-TGAAATGGTAT
TTTAATTCTCTCTGATGCT-G
===================== (13)
GCAAAAGCAGCAGCAGC-GT
GGAGCCGTACGGACAGCTGT
==================== (11)
TAAACAGTA-TG-CAATACCAC
TGAA-ATTACCGAGAAT-CCTG
====================== (10)
CGAATCTAGCGGAA-GCAACT
GGAGGAGAGATTAACCCAAC-
===================== (11)
AG-TGCCAGGATCAGAAGGAA
GGAAGGTTGG-TGGGGCCTTA
===================== (14)
AAAGAAAACAAAAATATTGA
ATTGCAGGTGGTAAT-TCTA
==================== (13)
ACAGGACACTACATC-AGAGA
GCTAAATGCT-CATCTCTAAA
===================== (11)
CTGAGAAAATTCAGTT-TATA
CT-ATCAGGGT-GGTTACAGA
===================== (12)
CTCAAGAGGTTCGCAAAGC-C
CT-AATTGAAT-ACAGTTCAA
===================== (13)
TGGT-AATGAAATTCGAATAT
CACTGAACAAACTAAGGAGA-
===================== (12)
AATATACGGCATTTTAGCA-C
GAGA-ACCG-ACGGTCGAAAT
===================== (13)
AAATTTAGTCATTGCCA-TC
GGAGTTAATTTTTTCAACAA
==================== (12)
GTT-GTTGTTGTTCGATCTTG
ATTACTCACAAGTAGCCCAT-
===================== (14)
GGGGTTTGGTA-G--TACAG
GGCATATGCTACGAATTTTC
==================== (14)
TCAACTTATAAATAGAATTT
CTTTCCGGTAGTTCCACCTC
==================== (14)
AAGAATAATAAAAGAAGAAA
CTGAAGAATGGAAGTTCTTT
==================== (11)
ATCCTAAAATAAAATAAGAT
AACATTCAGAAATATTACA-
==================== (11)
TGGACACACATGAAGTGAAA
TTTTGACTTAAAAAAT-TAC
==================== (13)
CCTATCTTG-TCACGC-CT-G
CCTTACAGGCTTA-GCAATAC
===================== (13)
GCAC-AACAGAATTTCGTTTT
ATTCTGATAAAAGGT-TTAAT
===================== (13)
A-TGGCTAGTAACATGATTGT
ATTGACTA-CATCA--ACTGC
===================== (11)
ATTACCAGCAAGGCTG-GGTG
TTTTCCCCCCA-GCTGCAGT-
===================== (10)
TTGATCCTAAC-T-CTATACTA
TT--CCAGAACATACTAGCCGA
====================== (10)
TTTGATGGTTCCA--ATTGCAT
TAT--TTTTTACATGAATCTTT
====================== (12)
CTTATTTGAAGCAACAATTA
GTTTTATATACCATCTCTT-
==================== (11)
ACA-GGGCTGTGTGTACTAAC
GCATTCGATTCTTGGTTTAA-
===================== (12)
AAGA-TTGAAACAGCACTATT
TTCATTTTGGAGATGACT--T
===================== (13)
CACATCATATTAGGA-TTAA-G--
AAGAT--TA-T-GGACACAATGCC
======================== (12)
TGAATGAAGAGTCAGT-TACA
T-CAGGCTCACTCAATATAAC
===================== (11)
TTGGTAGAGATGCGTCAAAC
TTGGTA--GATAAATC-AAG
==================== (10)
TTTCGCTTTGTTATTAT-CGT
GTATGCCTAAATA-TATCCAT
===================== (10)
TCATCTTGACATATCCCA-GA
AAACCTT-TCTTCTTTCATAA
===================== (11)
ACCTAAATCATGTG-GCCTA
AGCTTTCTGCTGGGAGTGTA
==================== (11)
C--CAG-AGTGCGGTATTGCGTA
CTTCAGCAATACTGTA-T---AA
======================= (12)
GCC-TGGAGAAGTTCACTAC
GCCATATCTCTTTTGAAGAA
==================== (13)
TGAA-G-AGATTTCTGGAAAAA
TGAACGCACAAGAC---AATTC
====================== (13)
AGTTTTTCTTTGGAAACAT-G
CATTTGT-GATGAAAATATAT
===================== (10)
GCGGTAATGGTCTAGATT-TT
AAACCAATAG--AAGAGTCGT
===================== (13)
AGACGTTCAG-TTAGT-ACC
AATGGTCCAGAATCTTCAAT
==================== (13)
CTATTGCAAGAATTTATGAG
CGATTTAAAGAA-ATCT-AT
==================== (10)
TGATCGTGATTAAACTG---G-T
TTAT-G-GAAT-ACCTGCAAGAT
======================= (11)
ACCCTCAGGAAAAAC-C-CAT
ACAATCA-TACAGCCTCTGTT
===================== (12)
TCTTGA-A--AGTATCACAGCGC
TAGTGATATGAGTAGC-CA-C-A
======================= (10)
ACAGTTTATTGGC-TCGAAAT
TTAGCCAGACGTCAACG-TTC
===================== (15)
AG-TCAAGTCCGCTGTATTTT
AGATGAA-AAGAATGAAATTA
===================== (11)
AGCGGTA-AAAAAAAAACATG
A-AGAAAGAAAAAGGGGGAAT
===================== (12)
GAGGAA-TGCCTGAATAAGTA
TATAAACTACAT-TTTTCTCG
===================== (14)
GTCCGCGCCAAATT--ACTGTT
CT-TG-GCAAGTTTCCCCTCGT
====================== (12)
CAAGAGCTTACACTGAAAAG
GGATACATCAGACTGTTATC
==================== (11)
AAGTGA-GACAAAAGTCTTAC
AAAACATGTCATTA-CATTGA
===================== (12)
TGCCAT-A-CTATGTAAATTG
TACATTAAGCTAT-TTGTGAG
===================== (12)
TGCTTATTCCCGCATAAGAT
CCCTCTGGGAAATATTCTCT
==================== (15)
CTATCATGTCTCCAGTTGTA
TAAAAAGGTTTGACTTTTGA
==================== (12)
CCTTAACAAAGTTTTTACTT
GGGTGGCAAATGGAACAGAA
==================== (14)
TATCGA-AG-TCAGCCTGGCC
TAACCACAGATCAAGAT-CAT
===================== (12)
CAAGCA-TTGGAATATGATGA
AAAGAAGCTGG-ATTTGA--C
===================== (11)
ATATGCCCTGT-GAA-TCAGGC
A-CT-TTCTGTCCAATTGTGTA
====================== (12)
CT-GGATTGGGTGTCGACCCT
CTATAAATGCTTCTC-AGTAA
===================== (12)
TA-CTTCACTAACTTCCTACT
TATGTTTCCAAACTT--T-C-
===================== (12)
GTTAAATAT-ACGTACCAGAA
GTTTGGTGTGAAAT-CTCTCT
===================== (13)
AT-TTCGAAACTGTGCGTCAG
GTCGTCGATTCCG-GTGACGG
===================== (10)
TGTA-CATGAATGGGA-ACTT
T-TAGCAAGCCAGGAAGAGTC
===================== (11)
GGTACGAATTCAAGG-AGCCA
ATTACG-GTTCCTGGCAG-GG
===================== (11)
CAT-GT-TTCAGCAGCCATTGA
CTTCGTGAACAATAG-C-TTG-
====================== (11)
AAGAT-ATCACTGGGAAAATA
ACAATCAT-AATGACAAGCAA
===================== (10)
GAGTTATTAACGGTTTTTCT
GGGATAT-ATC-TTAAGTCA
==================== (12)
GAATATTAGTGA--ATATGA
AAAGATTAGAAATCTTTTGG
==================== (11)
ATAGTGGTGGTGAGAGA-GAA
GCCACATTCTTAAG-GATTGT
===================== (15)
ATAGTTTTTAAAATGGTCAA
AAATTTTGGTGAATATTCCA
==================== (9)
TGGCTAG-TGCTATATATTTT
T-ACTAGCTTTTAACTTGTAT
===================== (10)
TTTA-TAATTACTAATG-AG-AA
TCAAGTAATT-GT--TGCAGTAG
======================= (10)
ATTTAATAGAACAGCATCGT
TTTTCAAACGGCAGCCCCG-
==================== (10)
TTGGTTGGC-GTGTTTCGTAA
GCAGAGCACAGAG-GCCGCAG
===================== (14)
CAGCTACCAAAATACGTAAA
GTGCATCCATCGT-CTTCAA
==================== (11)
AAATAGATCAGTTTGCCGGT
TTACCGTTGACCATCTTTAA
==================== (15)
TTGGTTAATTATTCA-ATCAA
TATATTAA-TAAACATACGAA
===================== (9)
ATCACCATCAG-AATGTGTGA
GTGATACTGTGTTAT-TGTTA
===================== (11)
TACA-AATTCGTTTGTCTTTT
T-CATCAGTCCTATTCCTACG
===================== (11)
TC-TT-TTAGATCCTTTCCAGG
TCATTACTGGAT--TGGCCA--
====================== (12)
AGAGGAATTGC-GCTTCAAC
TTTGGAAGGGCTTTTTTCTT
==================== (13)
ATTACTTATGAACAT-TCAAA
GCTTGGTA-AAATATACCTGC
===================== (13)
CCAATGGGACAAAAATGATA
ACGGTTTCGTAGAAAGTCTT
==================== (13)
GTAAAACGATTTAAGTCCAT
GGGTTGCTAACGAAGCCAAG
==================== (12)
CATGAAGTTT-CA-TATTAACC
CCT--AGTTTGAACGAGCTTAG
====================== (13)
ACATTATTGCCAGAAAACAG
AGATTGTTTTTTGGTTCAAA
==================== (12)
GA-TAATAACCATAAATAATA
CATTTTTGAGCAT-TGT-GTA
===================== (12)
CGCATTTTTTTTCGAT-ACC
GAAAGAAGGTTCCAATCGTC
==================== (14)
TGGAATCCTGTAAGGC-TGC
TCTTCTCGGCTACCTCATCA
==================== (14)
CAAAAAGGCTGC-CGCTCAAC
TAATAA-ACTTCAATAGCATA
===================== (12)
A--ATGATGAACGTTATTGCTG
ACCACTTTG-GTTTCAAAG-AC
====================== (15)
TTTTCTTACAATAACGTT--T
TTGCCCT-CATTGGGATTAAA
===================== (13)
TTTTCTTACAATAACGTT--T
TTGCCCT-CATTGGGATTAAA
===================== (13)
TTTTCTTACAATAACGTT--T
TTGCCCT-CATTGGGATTAAA
===================== (13)
GGTGAAAGTATATGACCAAA
CCTGTATATATCTATGTAAA
==================== (10)
GTACAAATTAG-AATTA-TG
GTTTAATCCGGAAATTAGTC
==================== (11)
TTCAAGAACACTCGCATTT---
TGCAA-TGGAGTC-TATTTCCG
====================== (12)
TTAGTTTATCCGCCAT-CTTG-
TT-CTTTA-CTTCCATGCGCGC
====================== (9)
A-A-GTGTCTGAATGTATTAAG
ACATGCCACTGAA-G-ATT---
====================== (13)
TATGAACGGT-AATTA-ATCTA
T-T-TATGTTGAACCATGAATA
====================== (12)
GAATTA-GAT-GCAAAGAGA
TTATTATTATCGTTATTTCT
==================== (14)
T--AGAGTGAGCGGATTTCTAT
TCCCTATTTAACGCA-CT-TAA
====================== (12)
CGTTTAAAATAGCACTCCCC
CTTCCGCGGGTGGGC-CCCA
==================== (14)
AATCTGTCGATGGATTCTCA-
ATTCT-TTGA-ACCTACAGAG
===================== (12)
CTAGC-ACTAGCAATAC---ATC
C-ATCTATTA-AAATCCGGGAT-
======================= (12)
AGTTGCGAATAAGAAAGC-A-
A-TCTCATTTCCAAAACCGAT
===================== (13)
AATCGATAATGGCAGTGA--A
AA-GAATGTAGGATTTGACCA
===================== (12)
CAAGCCATATGAATCTTCAT
GATGGC-TAGCCGCCTTTAT
==================== (11)
AATCTGTCATTGAA--CAAATT
ACT-TTTC-TTCAAGCCATATG
====================== (9)
GCTAAGTATTTTAATGT-CT--
ACGAA-CA-TTTACTGTGATAA
====================== (11)
GACTTCCCATAAAAGCA-TAT
GAAGT-AGAT-AAAGCAGCCA
===================== (11)
ATCACTCAAGTACTACAACT
AACTTTGTTTCTCTTCCCTT
==================== (13)
TACCGCCAGGAAGAATCAAA
TTCTTTCATTTCAAAAC-GA
==================== (13)
TCGATTTTTTAAGTGTCTAT
GACCCTTCCAAAGTTTATTG
==================== (12)
AGAACATATTACCCTCTGCT
ATTGAATATT--GGTTTTAG
==================== (14)
TCCTTTACTACTTACTGAT-
AATTCTGCGGGCAACAAATC
==================== (14)
GGTT-TCCCTTATTTTGATCT
AGTTGTTAC--ATTTTTATAC
===================== (10)
TGTCATGCTAAGATA-AACGT
AGT-TTCGTTTGGTACGAGAA
===================== (13)
CTAAATTAGTTGGCAAATTG
CGACCTAAATTAGGTTTTTG
==================== (10)
TG-AACAGGTGACTGAAGCAG
AGTTTTACAT-TTTTTTTTTT
===================== (17)
AAACACCTCTATAGAGA-ATA
ACAAATAT-AATGGGCATCTA
===================== (11)
CGCTAGCTA-ATGACGTCGCT
CGAAAG-TACGTTTTTTAAC-
===================== (13)
TCATAATTTTG-CCA-ATAT
AAATAGGTCTGATGAGTTGA
==================== (14)
TGGTATTGGTGCATGGTAAA
AGACCTTAG-ACGTTATGAC
==================== (13)
C--CTTTGTACTATGTATACCA
CTGGATCGCAC-AAG-AGAAGA
====================== (12)
CTGGGTTCTCCCCTTCCTGC
GTTAATGATTACAATTTTTT
==================== (14)
CTTCAATGAACAAT-AACGGC
CTT-TTTCTCCTCTCCAC-AA
===================== (14)
T-TTCAGCATAGGTTTTATCG
TATTTTTCATCGAAATTA--A
===================== (12)
CATACCATTAGTTGGA-AATG
AATA-TTTTCTCTATATGGCG
===================== (13)
GTCCTACCCGGATTCGAACC
TAGTTAAAAGAAAATGCAGA
==================== (14)
CTGTGTAT-TGTTG-TATTAC
TTG-GCATCTCATGACCCGGC
===================== (13)
AGTCCCTCCAGTAGTCTTTT
AATACAGCGAATACTATTGA
==================== (10)
TGAT--ATGAATCATTGATCAA
CCATCCACCAGAAATT--TGGT
====================== (14)
AACTATAAT-AATACAGTATG-
CA-TCTCATCTCTTCTG-CTGA
====================== (12)
ACAT-CGTCTTCAACAACATT
GAATACCACCT-AGCAA-A-G
===================== (13)
TCCCACGGTCA-AT-G--AAGCA-
T--CA--ATCATATCGAGAAAAAT
======================== (13)
G-GAGGAGTCACCATAGGTGA-
GATCAAAGTGTCGA-A-ATAAC
====================== (13)
CAATAGATGCAGAGGA--AT
CTCTTCCTGTATATGACCCT
==================== (13)
AATGTTCGCATTGATAATAT
CATTCAAGAGGCGCTCAGCT
==================== (13)
CA-AAT--GCTTTGTCAAAATCA
GAGTTTCCCCTTTG-CCTGA--A
======================= (13)
TAAGCTCAGTTATACG-TC-A
TCAG-TAGGTGAGAAGAACTT
===================== (12)
TGCTCAGGATCTGTAACTTT
TCCTCAATAT-TG-ATTCTT
==================== (10)
CAAGAAATTATGGCGTTGAG
CCA-CCACTCCCACAGGATC
==================== (16)
TTAAAGA--ATCAGATGACTAC
ATCAAGATGAACA-AT-AGGAC
====================== (9)
TTT-ATTTTACGTTAAAAGAC
TTTCATTATTGATTTGGTGA-
===================== (10)
GCATATATAGCGCATA-GGTT
GCACCT-TATGGTATATAAAT
===================== (10)
AA-TATTTAACAAGGTGTGAG
AATTAGTCGCTAATG-GTAGG
===================== (10)
G-A-TTGGCACAAAATTACTAA
GTAGTTTG-ACTATGTT--TCA
====================== (11)
TCGAATCACGTCATGAAAG-A
TAGTAGCA--TCATTTATGTC
===================== (11)
TAAGACATAGAGTACCACAA
TACTTCAAAG-GAACATGCA
==================== (11)
TTAAAGA-G-CTGAGTTTCC
AAAGAGATGTGAGAGAAGTG
==================== (14)
CGATATAG-GTAGGAAGAGT
GGAGAAAGAAAATTTTCTCG
==================== (15)
GATGCATATG-TTTAAAT-CA
GA-GACGAGGCGGGACGTGGC
===================== (15)
CATTGATTATAGAGGTCTCA
GGCTGGGCGCCCCAG-AAAA
==================== (17)
C-CTCTGACTACTACCAGTTC
CAGTTAGAATTCTGACA--TC
===================== (11)
TACAGTCCCAACAATTAATC
TCTGGTTCGTCTACTTCACC
==================== (11)
TTAGT-TGCCTACTTA-TAGT
TTATTATTATTA-TTATTATT
===================== (9)
ACATCTTTATAACTAATATA
GAATAATGAAAAATCAAACG
==================== (11)
ATTTTGT-GAGA-CTGAAGT
TTTCGGTAGATATCTTAAAC
==================== (11)
GAGGCGATACCTCCT-TTTGG
GTAATG-TGTCTAATGGCCAA
===================== (15)
TCATGTTAA-ATCCTCCTTTT
ATATCTTAAGAGCAT-CGTTG
===================== (9)
AGCTCCCATTGCTTCTGAA-
AGTTCTCAGCCCACCAAAAG
==================== (11)
GCCGAGTAAAT-TTCTTGCAA
G-AAACCACCTGCTTTTGCTA
===================== (11)
CTTTGGTCCTTCGCTGCTT-
GTAAACTTCACCTCTCAATA
==================== (14)
T-TCATCCGACCGTTGTGGCG
TCTTATTCCA-TTTTGTCCCA
===================== (10)
AAAACAGTACCGCTTCT-A--C
CTCTCA-TA-TGCTTTTAATGC
====================== (12)
TCTCACTAGAAATTTCAAAC
AGCGACAAGTATTCTGAATT
==================== (11)
TTAGAATATTTAGCA-AGCAA
CCA-TCTCTTCTTCATCACCA
===================== (13)
TGGTACTG-TTGTTTCTGCT
GCCCACGGCACATTGGTCAT
==================== (14)
CTATTCTCGTGAT-TATTC--TC
C--CTCT-ATGTTCTTTTCATTT
======================= (11)
GATTCCTTCCGGC-CAAAAC
CAGCAAGTGCAGCAGCAATC
==================== (13)
ATG-AGAATTATGAGATCATA
CTGTCGGCTTA-GA-TTC-GC
===================== (13)
CGCCGGAGGCGACGGCAAGG
CCCCGGAATTTAC--CAACG
==================== (10)
ATAAGAAACTATTATCTGCC
AGTAGATGTCCTCATCT-TT
==================== (12)
TTCCGCACTGCATTTAAGAA
TTTC-TA-AGAAGACAGCAC
==================== (14)
TCAG-AATTACAATGTTAAC
GAAGTACCTCAAATTTTTTT
==================== (12)
T-GGT-CAGGTCGTTAGCTCAG
TCTGTGCAGAGC-CCAAAAC-G
====================== (12)
GACTTGGAAAGTTTAAGCTC
TTCAAAGAAATCTTTCGCAA
==================== (11)
AGCTC---AA-TTACGAAACTCTG
GTCTCATTAATTTTTGAAA---T-
======================== (12)
A-GT-GGAAAAAAAC-CATATCC
ACTTCGGTAGATTGCGCCT-T--
======================= (13)
AACTGTTGAGC-TGCTCGTT
AAGTCATCGGCAAACTTGGG
==================== (12)
ATAAAAAT-TTGAAAAATGC
TTGTTGTTGTTGTTGTTGGG
==================== (15)
GCCTGTAGCTTTGA-AATTC
ACTCGTTCGTTCCACAGTTC
==================== (11)
ATCAAGATATTCAATTCTCT
ACCACTTTCTAGAACATTGT
==================== (11)
CATTTTCCTTCCCTAACAAT
GATCTTGACACGGAATCAAC
==================== (11)
TCCTTTGAAT-AGGAGTTGGT
TTGGGGCCATCAATA-ATCTT
===================== (14)
GATATGAACGCTCATATCAC
GCAATGAAAACT-TTAGCGA
==================== (10)
CAA-AAGGGGTAGTCGATCCT
AAACACCATACAATCCAT-CA
===================== (12)
AATACAATAACCTTAAAT--T
GGT-CGTCGTCATTTAATGGA
===================== (14)
TCACCTATTAGTCGTATAAA
TCAGTGCTGCATC-TCTCTT
==================== (13)
GGCA-CTTGGTA-CAT-GT-
GTCATATTGAAATGATCGTA
==================== (13)
GAATATTATT-AGATAGTA-
CATTGTCATTCTGGTACTAT
==================== (11)
GGC-CAATG-GACTTACTCTCT
GTCACCGCGTAACAAACGC-C-
====================== (12)
AGCAAAACGTGAAT-TGATAA
TGC-ACTTGTGTCTGTACATT
===================== (13)
CTCTTAGAA-AAATTTTAGTA
TAATAATAATTAATATT-CAT
===================== (12)
GGGCG-GTTCACTTTGAAAGA
AACTGTGGGCAGGCAGA-ACT
===================== (14)
GGTTTC-AAGGAACGGAAAAA
TTTCTCTCACG-ATGAATTTT
===================== (13)
AAAGTGTTGACTAAA-AACA
AAGCTAATCACCAAACAATT
==================== (10)
GTACTTCACGCA-A--TTCCTAC
TTA-GACA-GAAGATGTTACT-T
======================= (12)
ACGAGCCT-TTTGGTGCAAA
CCCATTTTCACCCATGTTGA
==================== (15)
GATCGTGTTTGAGATGTTTG
TAACAAG-TAATGAT-CTGG
==================== (13)
AC--GATGTGTTCAATGCTCTG
CCTACATATTGTCAA-G-AGGC
====================== (13)
T-GCTGCCGCTGC-TACTGCTG
TAGAAAAAAAAACATA-T-ATA
====================== (15)
G-ACGGCATAAAATATAACGA
GAAATTGTTCCTAGATAA-TT
===================== (13)
TATATATGTAG-TCGCAT-CTT
CAT-TCT-TAGATTTCTTAACT
====================== (11)
TATACAAACAGTCAACATCT--
CATTC--GTTGCCAA-ATCTGC
====================== (12)
GGCATT-CG-AGTAGTGAATAA
AGCATTGCGCAG-AAAGCA-GG
====================== (10)
GGTCTCCATATAGTTAGTAA
AGTCTTGAAATA-AT-CTTG
==================== (12)
AGAT-TACTAATCTCGATCTT
CGATGTACAAATCTTGA-C-G
===================== (8)
GCATGCAGGATGGTGTAGTT
GCCGGCAGTGTTTCGT-TAT
==================== (11)
AGTTACAAGCTACCCCTGCT
AAATAAAAG-TAAACC--AT
==================== (12)
TGCACAGGCTTCCATACGCT-
CG-TCCGTCCCCTGTTTACTA
===================== (13)
ATACCAATAAAT--GGCTCA
AAACCATGAGATCCGGCTTT
==================== (10)
GT-AATGCACCAG-AAATGG
GTAAACATATTTGTATTTTA
==================== (14)
TGAGTGTCAGTACTTATTCA
GTTGGGCTATCACTTTCTCT
==================== (11)
AAAGGAATAGTTCATAGGTG
GCTTGACCCTGAAATAGAAT
==================== (14)
GACTTATCAGATGTAAAAAG--
CA-AAATC-CCTGTTATTGGCT
====================== (13)
ATATTATTTCCT-TAAGATTT
A-ACCTTCAACTGGTGGACTG
===================== (13)
CGCGACA-ACTT-ACGAGAAAA
TG-GACATTTTTCACTA-TACG
====================== (11)
A-GACTTCAAGAGTACTAAGC
ATTATTTC-CGACAAC-ACTA
===================== (12)
